root@FGAO-H:/home/fgao/code/anari-superbuild# cmake --build build/deps --config Release --parallel 1
[ 12%] Built target glfw
[ 14%] Performing update step for 'glad'
HEAD is now at fee75a2 Update CMakeLists.txt
[ 15%] No patch step for 'glad'
[ 17%] Performing configure step for 'glad'
-- Configuring done
-- Generating done
-- Build files have been written to: /home/fgao/code/anari-superbuild/build/deps/glad/build
[ 18%] Performing build step for 'glad'
Consolidate compiler generated dependencies of target glad
[100%] Built target glad
[ 20%] Performing install step for 'glad'
[100%] Built target glad
Install the project...
-- Install configuration: ""
-- Up-to-date: /home/fgao/code/anari-superbuild/build/deps/install/lib/libglad.so
-- Up-to-date: /home/fgao/code/anari-superbuild/build/deps/install/include
-- Up-to-date: /home/fgao/code/anari-superbuild/build/deps/install/include/KHR
-- Up-to-date: /home/fgao/code/anari-superbuild/build/deps/install/include/KHR/khrplatform.h
-- Up-to-date: /home/fgao/code/anari-superbuild/build/deps/install/include/glad
-- Up-to-date: /home/fgao/code/anari-superbuild/build/deps/install/include/glad/glad.h
-- Up-to-date: /home/fgao/code/anari-superbuild/build/deps/install/lib/cmake/glad/glad-config.cmake
-- Up-to-date: /home/fgao/code/anari-superbuild/build/deps/install/lib/cmake/glad/glad-config-noconfig.cmake
[ 21%] Completed 'glad'
[ 25%] Built target glad
[ 26%] Performing build step for 'anari'
[  1%] Built target mikktspace
[  3%] Built target anari_viewer_stb_image
[  4%] Built target anari
[  6%] Built target anari_static
[  7%] Built target simd
[  8%] Built target math
[ 10%] Built target tasking
[ 10%] Built target stb_image
[ 10%] Built target nfd
[ 14%] Built target sys
[ 16%] Built target anariInfo
[ 16%] Built target anariTutorialInitFromEnv
[ 18%] Built target anariTutorial
[ 16%] Built target anariTutorialDebug
[ 21%] Built target helium
[ 22%] Built target anariTutorialCpp
[ 23%] Built target lexers
[ 27%] Built target anariUnitTests
[ 29%] Built target anari_library_sink
[ 29%] Built target anari_library_debug
[ 33%] Built target anari_test_scenes
[ 55%] Built target embree_sse42
[ 61%] Built target anari_library_hecore
[ 61%] Built target anariRenderTests
[ 61%] Linking CXX executable ../../anariViewer
Consolidate compiler generated dependencies of target embree
[ 79%] Built target embree
Consolidate compiler generated dependencies of target anari_library_helide
[ 81%] Building CXX object src/helide/CMakeFiles/anari_library_helide.dir/HelideLibrary.cpp.o
[ 81%] Building CXX object src/helide/CMakeFiles/anari_library_helide.dir/HelideDevice.cpp.o
[ 81%] Building CXX object src/helide/CMakeFiles/anari_library_helide.dir/HelideGlobalState.cpp.o
[ 81%] Building CXX object src/helide/CMakeFiles/anari_library_helide.dir/HelideDeviceQueries.cpp.o
[ 81%] Building CXX object src/helide/CMakeFiles/anari_library_helide.dir/Object.cpp.o
[ 81%] Building CXX object src/helide/CMakeFiles/anari_library_helide.dir/frame/Frame.cpp.o
[ 81%] Building CXX object src/helide/CMakeFiles/anari_library_helide.dir/camera/Camera.cpp.o
[ 81%] Building CXX object src/helide/CMakeFiles/anari_library_helide.dir/camera/Perspective.cpp.o
[ 82%] Building CXX object src/helide/CMakeFiles/anari_library_helide.dir/camera/Orthographic.cpp.o
[ 82%] Building CXX object src/helide/CMakeFiles/anari_library_helide.dir/scene/light/Light.cpp.o
[ 82%] Building CXX object src/helide/CMakeFiles/anari_library_helide.dir/scene/Group.cpp.o
[ 84%] Building CXX object src/helide/CMakeFiles/anari_library_helide.dir/scene/Instance.cpp.o
[ 84%] Building CXX object src/helide/CMakeFiles/anari_library_helide.dir/renderer/Renderer.cpp.o
[ 84%] Building CXX object src/helide/CMakeFiles/anari_library_helide.dir/scene/surface/geometry/Cone.cpp.o
[ 85%] Building CXX object src/helide/CMakeFiles/anari_library_helide.dir/scene/World.cpp.o
[ 85%] Building CXX object src/helide/CMakeFiles/anari_library_helide.dir/scene/surface/Surface.cpp.o
[ 85%] Building CXX object src/helide/CMakeFiles/anari_library_helide.dir/scene/surface/geometry/Cylinder.cpp.o
[ 86%] Building CXX object src/helide/CMakeFiles/anari_library_helide.dir/scene/surface/geometry/Geometry.cpp.o
[ 86%] Building CXX object src/helide/CMakeFiles/anari_library_helide.dir/scene/surface/geometry/Curve.cpp.o
/usr/bin/ld: CMakeFiles/anariViewer.dir/__/__/src/anari_viewer/windows/LightsEditor.cpp.o: in function `anari_viewer::windows::LightsEditor::buildUI()':
LightsEditor.cpp:(.text+0x1be7): undefined reference to `NFD_OpenDialogU8'
/usr/bin/ld: LightsEditor.cpp:(.text+0x2023): undefined reference to `NFD_FreePathU8'
/usr/bin/ld: CMakeFiles/anariViewer.dir/__/__/src/anari_viewer/ui_anari.cpp.o: in function `anari_viewer::ui::buildUI(anari::scenes::ParameterInfo&)':
ui_anari.cpp:(.text+0x5d4): undefined reference to `NFD_OpenDialogU8'
/usr/bin/ld: ui_anari.cpp:(.text+0xa52): undefined reference to `NFD_FreePathU8'
collect2: error: ld returned 1 exit status
gmake[5]: *** [examples/viewer/CMakeFiles/anariViewer.dir/build.make:409: anariViewer] Error 1
gmake[4]: *** [CMakeFiles/Makefile2:2602: examples/viewer/CMakeFiles/anariViewer.dir/all] Error 2
gmake[4]: *** Waiting for unfinished jobs....
[ 86%] Building CXX object src/helide/CMakeFiles/anari_library_helide.dir/scene/surface/geometry/Quad.cpp.o
[ 86%] Building CXX object src/helide/CMakeFiles/anari_library_helide.dir/scene/surface/geometry/Sphere.cpp.o
[ 87%] Building CXX object src/helide/CMakeFiles/anari_library_helide.dir/scene/surface/geometry/Triangle.cpp.o
[ 87%] Building CXX object src/helide/CMakeFiles/anari_library_helide.dir/scene/surface/material/Material.cpp.o
[ 87%] Building CXX object src/helide/CMakeFiles/anari_library_helide.dir/scene/surface/material/Matte.cpp.o
[ 88%] Building CXX object src/helide/CMakeFiles/anari_library_helide.dir/scene/surface/material/PBM.cpp.o
[ 88%] Building CXX object src/helide/CMakeFiles/anari_library_helide.dir/scene/surface/material/sampler/Image1D.cpp.o
[ 88%] Building CXX object src/helide/CMakeFiles/anari_library_helide.dir/scene/surface/material/sampler/Image2D.cpp.o
[ 89%] Building CXX object src/helide/CMakeFiles/anari_library_helide.dir/scene/surface/material/sampler/Image3D.cpp.o
[ 89%] Building CXX object src/helide/CMakeFiles/anari_library_helide.dir/scene/surface/material/sampler/PrimitiveSampler.cpp.o
[ 89%] Building CXX object src/helide/CMakeFiles/anari_library_helide.dir/scene/surface/material/sampler/Sampler.cpp.o
[ 90%] Building CXX object src/helide/CMakeFiles/anari_library_helide.dir/scene/surface/material/sampler/TransformSampler.cpp.o
[ 90%] Building CXX object src/helide/CMakeFiles/anari_library_helide.dir/scene/volume/TransferFunction1D.cpp.o
[ 90%] Building CXX object src/helide/CMakeFiles/anari_library_helide.dir/scene/volume/Volume.cpp.o
[ 91%] Building CXX object src/helide/CMakeFiles/anari_library_helide.dir/scene/volume/spatial_field/SpatialField.cpp.o
[ 91%] Building CXX object src/helide/CMakeFiles/anari_library_helide.dir/scene/volume/spatial_field/StructuredRegularField.cpp.o
[ 91%] Linking CXX shared library ../../libanari_library_helide.so
[ 91%] Built target anari_library_helide
gmake[3]: *** [Makefile:166: all] Error 2
gmake[2]: *** [CMakeFiles/anari.dir/build.make:86: anari/stamp/anari-build] Error 2
gmake[1]: *** [CMakeFiles/Makefile2:150: CMakeFiles/anari.dir/all] Error 2
gmake: *** [Makefile:91: all] Error 2
